0 info it worked if it ends with ok
1 verbose cli [ 'node', '/usr/local/bin/npm', 'install', '-g', 'nodemon' ]
2 info using npm@2.11.3
3 info using node@v0.12.7
4 verbose install initial load of /usr/local/lib/package.json
5 verbose readDependencies loading dependencies from /usr/local/lib/package.json
6 silly cache add args [ 'nodemon', null ]
7 verbose cache add spec nodemon
8 silly cache add parsed spec { raw: 'nodemon',
8 silly cache add   scope: null,
8 silly cache add   name: 'nodemon',
8 silly cache add   rawSpec: '',
8 silly cache add   spec: '*',
8 silly cache add   type: 'range' }
9 silly addNamed nodemon@*
10 verbose addNamed "*" is a valid semver range for nodemon
11 silly addNameRange { name: 'nodemon', range: '*', hasData: false }
12 silly mapToRegistry name nodemon
13 silly mapToRegistry using default registry
14 silly mapToRegistry registry https://registry.npmjs.org/
15 silly mapToRegistry uri https://registry.npmjs.org/nodemon
16 verbose addNameRange registry:https://registry.npmjs.org/nodemon not in flight; fetching
17 verbose request uri https://registry.npmjs.org/nodemon
18 verbose request no auth needed
19 info attempt registry request try #1 at 12:12:07 AM
20 verbose request id 66da273ea8ec9ccd
21 verbose etag "A7GJULA82BU6BZR65GOSDPP1N"
22 http request GET https://registry.npmjs.org/nodemon
23 http 304 https://registry.npmjs.org/nodemon
24 silly get cb [ 304,
24 silly get   { date: 'Thu, 10 Sep 2015 18:42:05 GMT',
24 silly get     via: '1.1 varnish',
24 silly get     'cache-control': 'max-age=60',
24 silly get     etag: '"A7GJULA82BU6BZR65GOSDPP1N"',
24 silly get     age: '29',
24 silly get     connection: 'keep-alive',
24 silly get     'x-served-by': 'cache-sin6921-SIN',
24 silly get     'x-cache': 'HIT',
24 silly get     'x-cache-hits': '1',
24 silly get     'x-timer': 'S1441910525.992199,VS0,VE0',
24 silly get     vary: 'Accept' } ]
25 verbose etag https://registry.npmjs.org/nodemon from cache
26 verbose get saving nodemon to /Users/arun/.npm/registry.npmjs.org/nodemon/.cache.json
27 silly addNameRange number 2 { name: 'nodemon', range: '*', hasData: true }
28 silly addNameRange versions [ 'nodemon',
28 silly addNameRange   [ '0.1.4',
28 silly addNameRange     '0.1.5',
28 silly addNameRange     '0.1.6',
28 silly addNameRange     '0.1.7',
28 silly addNameRange     '0.1.8',
28 silly addNameRange     '0.2.0',
28 silly addNameRange     '0.2.1',
28 silly addNameRange     '0.2.2',
28 silly addNameRange     '0.3.0',
28 silly addNameRange     '0.3.1',
28 silly addNameRange     '0.3.2',
28 silly addNameRange     '0.4.0',
28 silly addNameRange     '0.4.1',
28 silly addNameRange     '0.5.0',
28 silly addNameRange     '0.5.1',
28 silly addNameRange     '0.5.2',
28 silly addNameRange     '0.5.3',
28 silly addNameRange     '0.5.4',
28 silly addNameRange     '0.5.5',
28 silly addNameRange     '0.5.6',
28 silly addNameRange     '0.5.7',
28 silly addNameRange     '0.6.0',
28 silly addNameRange     '0.6.1',
28 silly addNameRange     '0.6.2',
28 silly addNameRange     '0.6.3',
28 silly addNameRange     '0.6.4',
28 silly addNameRange     '0.6.5',
28 silly addNameRange     '0.6.6',
28 silly addNameRange     '0.6.7',
28 silly addNameRange     '0.6.8',
28 silly addNameRange     '0.6.9',
28 silly addNameRange     '0.6.10',
28 silly addNameRange     '0.6.11',
28 silly addNameRange     '0.6.12',
28 silly addNameRange     '0.6.13',
28 silly addNameRange     '0.6.14',
28 silly addNameRange     '0.6.15',
28 silly addNameRange     '0.6.16',
28 silly addNameRange     '0.6.17',
28 silly addNameRange     '0.6.18',
28 silly addNameRange     '0.6.19',
28 silly addNameRange     '0.6.20',
28 silly addNameRange     '0.6.21',
28 silly addNameRange     '0.6.22',
28 silly addNameRange     '0.6.23',
28 silly addNameRange     '0.7.0',
28 silly addNameRange     '0.7.1',
28 silly addNameRange     '0.7.2',
28 silly addNameRange     '0.7.3',
28 silly addNameRange     '0.7.4',
28 silly addNameRange     '0.7.5',
28 silly addNameRange     '0.7.6',
28 silly addNameRange     '0.7.7',
28 silly addNameRange     '0.7.8',
28 silly addNameRange     '0.7.10',
28 silly addNameRange     '0.9.0',
28 silly addNameRange     '0.9.1',
28 silly addNameRange     '0.9.2',
28 silly addNameRange     '0.9.3',
28 silly addNameRange     '0.9.5',
28 silly addNameRange     '0.9.6',
28 silly addNameRange     '0.9.7',
28 silly addNameRange     '0.9.10',
28 silly addNameRange     '0.9.11',
28 silly addNameRange     '0.9.12',
28 silly addNameRange     '0.9.14',
28 silly addNameRange     '0.9.16',
28 silly addNameRange     '0.9.17',
28 silly addNameRange     '1.0.0',
28 silly addNameRange     '1.0.1',
28 silly addNameRange     '1.0.2',
28 silly addNameRange     '1.0.2-rc',
28 silly addNameRange     '0.6.10-a',
28 silly addNameRange     '1.0.2-rc3',
28 silly addNameRange     '1.0.2-rc4',
28 silly addNameRange     '1.0.3',
28 silly addNameRange     '1.0.4',
28 silly addNameRange     '1.0.5',
28 silly addNameRange     '1.0.6',
28 silly addNameRange     '1.0.7',
28 silly addNameRange     '1.0.8',
28 silly addNameRange     '1.0.9',
28 silly addNameRange     '1.0.10',
28 silly addNameRange     '1.0.11',
28 silly addNameRange     '1.0.12',
28 silly addNameRange     '1.0.13',
28 silly addNameRange     '1.0.14',
28 silly addNameRange     '1.0.15',
28 silly addNameRange     '1.0.16',
28 silly addNameRange     '1.0.17-rc1',
28 silly addNameRange     '1.0.17-rc2',
28 silly addNameRange     '1.0.17',
28 silly addNameRange     '1.0.18',
28 silly addNameRange     '1.0.19',
28 silly addNameRange     '1.0.20',
28 silly addNameRange     '1.1.0-alpha',
28 silly addNameRange     '1.1.0',
28 silly addNameRange     '1.1.1',
28 silly addNameRange     '1.2.0',
28 silly addNameRange     '1.2.1',
28 silly addNameRange     '1.3.0-0',
28 silly addNameRange     '1.3.0-1',
28 silly addNameRange     '1.3.0-2',
28 silly addNameRange     '1.3.0-3',
28 silly addNameRange     '1.3.0-4',
28 silly addNameRange     '1.3.0-5',
28 silly addNameRange     '1.3.0-6',
28 silly addNameRange     '1.3.0-7',
28 silly addNameRange     '1.3.0',
28 silly addNameRange     '1.3.1',
28 silly addNameRange     '1.3.2',
28 silly addNameRange     '1.3.3',
28 silly addNameRange     '1.3.5',
28 silly addNameRange     '1.3.6',
28 silly addNameRange     '1.3.7',
28 silly addNameRange     '1.3.8',
28 silly addNameRange     '1.4.0',
28 silly addNameRange     '1.4.1',
28 silly addNameRange     '1.5.0-alpha1',
28 silly addNameRange     '1.5.0-alpha2',
28 silly addNameRange     '1.5.0-alpha3',
28 silly addNameRange     '1.5.0-alpha4' ] ]
29 silly addNamed nodemon@1.4.1
30 verbose addNamed "1.4.1" is a plain semver version for nodemon
31 silly cache afterAdd nodemon@1.4.1
32 verbose afterAdd /Users/arun/.npm/nodemon/1.4.1/package/package.json not in flight; writing
33 verbose afterAdd /Users/arun/.npm/nodemon/1.4.1/package/package.json written
34 silly install resolved [ { name: 'nodemon',
34 silly install resolved     homepage: 'http://nodemon.io',
34 silly install resolved     author: { name: 'Remy Sharp', url: 'http://github.com/remy' },
34 silly install resolved     bin: { nodemon: './bin/nodemon.js' },
34 silly install resolved     engines: { node: '>=0.8' },
34 silly install resolved     repository:
34 silly install resolved      { type: 'git',
34 silly install resolved        url: 'git+ssh://git@github.com/remy/nodemon.git' },
34 silly install resolved     description: 'Simple monitor script for use during development of a node.js app.',
34 silly install resolved     keywords:
34 silly install resolved      [ 'monitor',
34 silly install resolved        'development',
34 silly install resolved        'restart',
34 silly install resolved        'autoload',
34 silly install resolved        'reload',
34 silly install resolved        'terminal' ],
34 silly install resolved     version: '1.4.1',
34 silly install resolved     preferGlobal: 'true',
34 silly install resolved     license: 'MIT',
34 silly install resolved     main: './lib/nodemon',
34 silly install resolved     scripts:
34 silly install resolved      { coverage: 'istanbul cover _mocha -- --timeout 30000 --ui bdd --reporter list test/**/*.test.js',
34 silly install resolved        ':test': 'mocha --timeout 30000 --ui bdd test/**/*.test.js',
34 silly install resolved        test: 'for FILE in test/**/*.test.js; do echo $FILE; ./node_modules/.bin/mocha --timeout 30000 $FILE; if [ $? -ne 0 ]; then exit 1; fi; sleep 1; done',
34 silly install resolved        web: 'node web' },
34 silly install resolved     devDependencies:
34 silly install resolved      { 'coffee-script': '~1.7.1',
34 silly install resolved        connect: '~2.19.1',
34 silly install resolved        istanbul: '~0.2.10',
34 silly install resolved        mocha: '^2.0.1',
34 silly install resolved        should: '~4.0.0' },
34 silly install resolved     dependencies:
34 silly install resolved      { minimatch: '~0.3.0',
34 silly install resolved        'ps-tree': '~0.0.3',
34 silly install resolved        touch: '~1.0.0',
34 silly install resolved        'update-notifier': '^0.3.0' },
34 silly install resolved     gitHead: '2e56d8404e09320355b8d84ba90f8c8d61c72b8b',
34 silly install resolved     bugs: { url: 'https://github.com/remy/nodemon/issues' },
34 silly install resolved     _id: 'nodemon@1.4.1',
34 silly install resolved     _shasum: 'ec40ea28e832619b6bf9bc9370edcc062966decb',
34 silly install resolved     _from: 'nodemon@*',
34 silly install resolved     _npmVersion: '2.13.1',
34 silly install resolved     _nodeVersion: '0.10.38',
34 silly install resolved     _npmUser: { name: 'remy', email: 'remy@leftlogic.com' },
34 silly install resolved     dist:
34 silly install resolved      { shasum: 'ec40ea28e832619b6bf9bc9370edcc062966decb',
34 silly install resolved        tarball: 'http://registry.npmjs.org/nodemon/-/nodemon-1.4.1.tgz' },
34 silly install resolved     maintainers: [ [Object] ],
34 silly install resolved     directories: {},
34 silly install resolved     _resolved: 'https://registry.npmjs.org/nodemon/-/nodemon-1.4.1.tgz',
34 silly install resolved     readme: 'ERROR: No README data found!' } ]
35 info install nodemon@1.4.1 into /usr/local/lib
36 info installOne nodemon@1.4.1
37 verbose installOne of nodemon to /usr/local/lib not in flight; installing
38 verbose lock using /Users/arun/.npm/_locks/nodemon-49f7ed19e778991e.lock for /usr/local/lib/node_modules/nodemon
39 silly install write writing nodemon 1.4.1 to /usr/local/lib/node_modules/nodemon
40 verbose unbuild lib/node_modules/nodemon
41 silly gentlyRm /usr/local/lib/node_modules/nodemon is being purged from base /usr/local
42 verbose gentlyRm don't care about contents; nuking /usr/local/lib/node_modules/nodemon
43 verbose tar unpack /Users/arun/.npm/nodemon/1.4.1/package.tgz
44 verbose tar unpacking to /usr/local/lib/node_modules/nodemon
45 silly gentlyRm /usr/local/lib/node_modules/nodemon is being purged
46 verbose gentlyRm don't care about contents; nuking /usr/local/lib/node_modules/nodemon
47 silly gunzTarPerm modes [ '755', '644' ]
48 error tar.unpack untar error /Users/arun/.npm/nodemon/1.4.1/package.tgz
49 verbose unlock done using /Users/arun/.npm/_locks/nodemon-49f7ed19e778991e.lock for /usr/local/lib/node_modules/nodemon
50 verbose fstream_path /usr/local/lib/node_modules/nodemon
51 verbose fstream_type Directory
52 verbose fstream_class DirWriter
53 verbose stack Error: EACCES, mkdir '/usr/local/lib/node_modules/nodemon'
53 verbose stack     at Error (native)
54 verbose fstream_stack /usr/local/lib/node_modules/npm/node_modules/fstream/lib/dir-writer.js:35:25
54 verbose fstream_stack /usr/local/lib/node_modules/npm/node_modules/mkdirp/index.js:47:53
54 verbose fstream_stack FSReqWrap.oncomplete (fs.js:95:15)
55 verbose cwd /Users/arun/Projects/PDF-Creator-Gravitas
56 error Darwin 14.4.0
57 error argv "node" "/usr/local/bin/npm" "install" "-g" "nodemon"
58 error node v0.12.7
59 error npm  v2.11.3
60 error path /usr/local/lib/node_modules/nodemon
61 error code EACCES
62 error errno -13
63 error Error: EACCES, mkdir '/usr/local/lib/node_modules/nodemon'
63 error     at Error (native)
63 error  { [Error: EACCES, mkdir '/usr/local/lib/node_modules/nodemon']
63 error   errno: -13,
63 error   code: 'EACCES',
63 error   path: '/usr/local/lib/node_modules/nodemon',
63 error   fstream_type: 'Directory',
63 error   fstream_path: '/usr/local/lib/node_modules/nodemon',
63 error   fstream_class: 'DirWriter',
63 error   fstream_stack:
63 error    [ '/usr/local/lib/node_modules/npm/node_modules/fstream/lib/dir-writer.js:35:25',
63 error      '/usr/local/lib/node_modules/npm/node_modules/mkdirp/index.js:47:53',
63 error      'FSReqWrap.oncomplete (fs.js:95:15)' ] }
64 error Please try running this command again as root/Administrator.
65 verbose exit [ -13, true ]
66 verbose unbuild lib/node_modules/nodemon
67 silly gentlyRm /usr/local/lib/node_modules/nodemon is being purged from base /usr/local
68 verbose gentlyRm don't care about contents; nuking /usr/local/lib/node_modules/nodemon
